MSBuild version 18.7.1+024f5b037 for .NET Framework

  gl3w.vcxproj -> C:\Users\Alex\Developer\Repositories\projects\space-calibrator\bin\artifacts\Release\gl3w.lib
  glfw.vcxproj -> C:\Users\Alex\Developer\Repositories\projects\space-calibrator\bin\artifacts\Release\glfw3.lib
  imgui.vcxproj -> C:\Users\Alex\Developer\Repositories\projects\space-calibrator\bin\artifacts\Release\imgui.lib
  implot.vcxproj -> C:\Users\Alex\Developer\Repositories\projects\space-calibrator\bin\artifacts\Release\implot.lib
  SpaceCalibratorOverlay.vcxproj -> C:\Users\Alex\Developer\Repositories\projects\space-calibrator\bin\artifacts\Release\SpaceCalibrator.exe
  Error copying file "C:/Users/Alex/Developer/Repositories/projects/space-calibrator/lib/openvr/bin/win64/openvr_api.dll" to "C:/Users/Alex/Developer/Repositories/projects/space-calibrator/bin/artifacts/Release/openvr_api.dll": No such file or directory
C:\Program Files (x86)\Microsoft Visual Studio\18\BuildTools\MSBuild\Microsoft\VC\v180\Microsoft.CppCommon.targets(166,5): error MSB3073: The command "setlocal [C:\Users\Alex\Developer\Repositories\projects\space-calibrator\bin\src\overlay\SpaceCalibratorOverlay.vcxproj]
C:\Program Files (x86)\Microsoft Visual Studio\18\BuildTools\MSBuild\Microsoft\VC\v180\Microsoft.CppCommon.targets(166,5): error MSB3073: "C:\Program Files\CMake\bin\cmake.exe" -E copy C:/Users/Alex/Developer/Repositories/projects/space-calibrator/src/overlay/manifest.vrmanifest C:/Users/Alex/Developer/Repositories/projects/space-calibrator/bin/artifacts/Release/manifest.vrmanifest [C:\Users\Alex\Developer\Repositories\projects\space-calibrator\bin\src\overlay\SpaceCalibratorOverlay.vcxproj]
C:\Program Files (x86)\Microsoft Visual Studio\18\BuildTools\MSBuild\Microsoft\VC\v180\Microsoft.CppCommon.targets(166,5): error MSB3073: if %errorlevel% neq 0 goto :cmEnd [C:\Users\Alex\Developer\Repositories\projects\space-calibrator\bin\src\overlay\SpaceCalibratorOverlay.vcxproj]
C:\Program Files (x86)\Microsoft Visual Studio\18\BuildTools\MSBuild\Microsoft\VC\v180\Microsoft.CppCommon.targets(166,5): error MSB3073: :cmEnd [C:\Users\Alex\Developer\Repositories\projects\space-calibrator\bin\src\overlay\SpaceCalibratorOverlay.vcxproj]
C:\Program Files (x86)\Microsoft Visual Studio\18\BuildTools\MSBuild\Microsoft\VC\v180\Microsoft.CppCommon.targets(166,5): error MSB3073: endlocal & call :cmErrorLevel %errorlevel% & goto :cmDone [C:\Users\Alex\Developer\Repositories\projects\space-calibrator\bin\src\overlay\SpaceCalibratorOverlay.vcxproj]
C:\Program Files (x86)\Microsoft Visual Studio\18\BuildTools\MSBuild\Microsoft\VC\v180\Microsoft.CppCommon.targets(166,5): error MSB3073: :cmErrorLevel [C:\Users\Alex\Developer\Repositories\projects\space-calibrator\bin\src\overlay\SpaceCalibratorOverlay.vcxproj]
C:\Program Files (x86)\Microsoft Visual Studio\18\BuildTools\MSBuild\Microsoft\VC\v180\Microsoft.CppCommon.targets(166,5): error MSB3073: exit /b %1 [C:\Users\Alex\Developer\Repositories\projects\space-calibrator\bin\src\overlay\SpaceCalibratorOverlay.vcxproj]
C:\Program Files (x86)\Microsoft Visual Studio\18\BuildTools\MSBuild\Microsoft\VC\v180\Microsoft.CppCommon.targets(166,5): error MSB3073: :cmDone [C:\Users\Alex\Developer\Repositories\projects\space-calibrator\bin\src\overlay\SpaceCalibratorOverlay.vcxproj]
C:\Program Files (x86)\Microsoft Visual Studio\18\BuildTools\MSBuild\Microsoft\VC\v180\Microsoft.CppCommon.targets(166,5): error MSB3073: if %errorlevel% neq 0 goto :VCEnd [C:\Users\Alex\Developer\Repositories\projects\space-calibrator\bin\src\overlay\SpaceCalibratorOverlay.vcxproj]
C:\Program Files (x86)\Microsoft Visual Studio\18\BuildTools\MSBuild\Microsoft\VC\v180\Microsoft.CppCommon.targets(166,5): error MSB3073: setlocal [C:\Users\Alex\Developer\Repositories\projects\space-calibrator\bin\src\overlay\SpaceCalibratorOverlay.vcxproj]
C:\Program Files (x86)\Microsoft Visual Studio\18\BuildTools\MSBuild\Microsoft\VC\v180\Microsoft.CppCommon.targets(166,5): error MSB3073: "C:\Program Files\CMake\bin\cmake.exe" -E copy C:/Users/Alex/Developer/Repositories/projects/space-calibrator/src/overlay/icon.png C:/Users/Alex/Developer/Repositories/projects/space-calibrator/bin/artifacts/Release/icon.png [C:\Users\Alex\Developer\Repositories\projects\space-calibrator\bin\src\overlay\SpaceCalibratorOverlay.vcxproj]
C:\Program Files (x86)\Microsoft Visual Studio\18\BuildTools\MSBuild\Microsoft\VC\v180\Microsoft.CppCommon.targets(166,5): error MSB3073: if %errorlevel% neq 0 goto :cmEnd [C:\Users\Alex\Developer\Repositories\projects\space-calibrator\bin\src\overlay\SpaceCalibratorOverlay.vcxproj]
C:\Program Files (x86)\Microsoft Visual Studio\18\BuildTools\MSBuild\Microsoft\VC\v180\Microsoft.CppCommon.targets(166,5): error MSB3073: :cmEnd [C:\Users\Alex\Developer\Repositories\projects\space-calibrator\bin\src\overlay\SpaceCalibratorOverlay.vcxproj]
C:\Program Files (x86)\Microsoft Visual Studio\18\BuildTools\MSBuild\Microsoft\VC\v180\Microsoft.CppCommon.targets(166,5): error MSB3073: endlocal & call :cmErrorLevel %errorlevel% & goto :cmDone [C:\Users\Alex\Developer\Repositories\projects\space-calibrator\bin\src\overlay\SpaceCalibratorOverlay.vcxproj]
C:\Program Files (x86)\Microsoft Visual Studio\18\BuildTools\MSBuild\Microsoft\VC\v180\Microsoft.CppCommon.targets(166,5): error MSB3073: :cmErrorLevel [C:\Users\Alex\Developer\Repositories\projects\space-calibrator\bin\src\overlay\SpaceCalibratorOverlay.vcxproj]
C:\Program Files (x86)\Microsoft Visual Studio\18\BuildTools\MSBuild\Microsoft\VC\v180\Microsoft.CppCommon.targets(166,5): error MSB3073: exit /b %1 [C:\Users\Alex\Developer\Repositories\projects\space-calibrator\bin\src\overlay\SpaceCalibratorOverlay.vcxproj]
C:\Program Files (x86)\Microsoft Visual Studio\18\BuildTools\MSBuild\Microsoft\VC\v180\Microsoft.CppCommon.targets(166,5): error MSB3073: :cmDone [C:\Users\Alex\Developer\Repositories\projects\space-calibrator\bin\src\overlay\SpaceCalibratorOverlay.vcxproj]
C:\Program Files (x86)\Microsoft Visual Studio\18\BuildTools\MSBuild\Microsoft\VC\v180\Microsoft.CppCommon.targets(166,5): error MSB3073: if %errorlevel% neq 0 goto :VCEnd [C:\Users\Alex\Developer\Repositories\projects\space-calibrator\bin\src\overlay\SpaceCalibratorOverlay.vcxproj]
C:\Program Files (x86)\Microsoft Visual Studio\18\BuildTools\MSBuild\Microsoft\VC\v180\Microsoft.CppCommon.targets(166,5): error MSB3073: setlocal [C:\Users\Alex\Developer\Repositories\projects\space-calibrator\bin\src\overlay\SpaceCalibratorOverlay.vcxproj]
C:\Program Files (x86)\Microsoft Visual Studio\18\BuildTools\MSBuild\Microsoft\VC\v180\Microsoft.CppCommon.targets(166,5): error MSB3073: "C:\Program Files\CMake\bin\cmake.exe" -E copy C:/Users/Alex/Developer/Repositories/projects/space-calibrator/src/overlay/taskbar_icon.png C:/Users/Alex/Developer/Repositories/projects/space-calibrator/bin/artifacts/Release/taskbar_icon.png [C:\Users\Alex\Developer\Repositories\projects\space-calibrator\bin\src\overlay\SpaceCalibratorOverlay.vcxproj]
C:\Program Files (x86)\Microsoft Visual Studio\18\BuildTools\MSBuild\Microsoft\VC\v180\Microsoft.CppCommon.targets(166,5): error MSB3073: if %errorlevel% neq 0 goto :cmEnd [C:\Users\Alex\Developer\Repositories\projects\space-calibrator\bin\src\overlay\SpaceCalibratorOverlay.vcxproj]
C:\Program Files (x86)\Microsoft Visual Studio\18\BuildTools\MSBuild\Microsoft\VC\v180\Microsoft.CppCommon.targets(166,5): error MSB3073: :cmEnd [C:\Users\Alex\Developer\Repositories\projects\space-calibrator\bin\src\overlay\SpaceCalibratorOverlay.vcxproj]
C:\Program Files (x86)\Microsoft Visual Studio\18\BuildTools\MSBuild\Microsoft\VC\v180\Microsoft.CppCommon.targets(166,5): error MSB3073: endlocal & call :cmErrorLevel %errorlevel% & goto :cmDone [C:\Users\Alex\Developer\Repositories\projects\space-calibrator\bin\src\overlay\SpaceCalibratorOverlay.vcxproj]
C:\Program Files (x86)\Microsoft Visual Studio\18\BuildTools\MSBuild\Microsoft\VC\v180\Microsoft.CppCommon.targets(166,5): error MSB3073: :cmErrorLevel [C:\Users\Alex\Developer\Repositories\projects\space-calibrator\bin\src\overlay\SpaceCalibratorOverlay.vcxproj]
C:\Program Files (x86)\Microsoft Visual Studio\18\BuildTools\MSBuild\Microsoft\VC\v180\Microsoft.CppCommon.targets(166,5): error MSB3073: exit /b %1 [C:\Users\Alex\Developer\Repositories\projects\space-calibrator\bin\src\overlay\SpaceCalibratorOverlay.vcxproj]
C:\Program Files (x86)\Microsoft Visual Studio\18\BuildTools\MSBuild\Microsoft\VC\v180\Microsoft.CppCommon.targets(166,5): error MSB3073: :cmDone [C:\Users\Alex\Developer\Repositories\projects\space-calibrator\bin\src\overlay\SpaceCalibratorOverlay.vcxproj]
C:\Program Files (x86)\Microsoft Visual Studio\18\BuildTools\MSBuild\Microsoft\VC\v180\Microsoft.CppCommon.targets(166,5): error MSB3073: if %errorlevel% neq 0 goto :VCEnd [C:\Users\Alex\Developer\Repositories\projects\space-calibrator\bin\src\overlay\SpaceCalibratorOverlay.vcxproj]
C:\Program Files (x86)\Microsoft Visual Studio\18\BuildTools\MSBuild\Microsoft\VC\v180\Microsoft.CppCommon.targets(166,5): error MSB3073: setlocal [C:\Users\Alex\Developer\Repositories\projects\space-calibrator\bin\src\overlay\SpaceCalibratorOverlay.vcxproj]
C:\Program Files (x86)\Microsoft Visual Studio\18\BuildTools\MSBuild\Microsoft\VC\v180\Microsoft.CppCommon.targets(166,5): error MSB3073: "C:\Program Files\CMake\bin\cmake.exe" -E copy C:/Users/Alex/Developer/Repositories/projects/space-calibrator/LICENSE C:/Users/Alex/Developer/Repositories/projects/space-calibrator/bin/artifacts/Release/LICENSE [C:\Users\Alex\Developer\Repositories\projects\space-calibrator\bin\src\overlay\SpaceCalibratorOverlay.vcxproj]
C:\Program Files (x86)\Microsoft Visual Studio\18\BuildTools\MSBuild\Microsoft\VC\v180\Microsoft.CppCommon.targets(166,5): error MSB3073: if %errorlevel% neq 0 goto :cmEnd [C:\Users\Alex\Developer\Repositories\projects\space-calibrator\bin\src\overlay\SpaceCalibratorOverlay.vcxproj]
C:\Program Files (x86)\Microsoft Visual Studio\18\BuildTools\MSBuild\Microsoft\VC\v180\Microsoft.CppCommon.targets(166,5): error MSB3073: :cmEnd [C:\Users\Alex\Developer\Repositories\projects\space-calibrator\bin\src\overlay\SpaceCalibratorOverlay.vcxproj]
C:\Program Files (x86)\Microsoft Visual Studio\18\BuildTools\MSBuild\Microsoft\VC\v180\Microsoft.CppCommon.targets(166,5): error MSB3073: endlocal & call :cmErrorLevel %errorlevel% & goto :cmDone [C:\Users\Alex\Developer\Repositories\projects\space-calibrator\bin\src\overlay\SpaceCalibratorOverlay.vcxproj]
C:\Program Files (x86)\Microsoft Visual Studio\18\BuildTools\MSBuild\Microsoft\VC\v180\Microsoft.CppCommon.targets(166,5): error MSB3073: :cmErrorLevel [C:\Users\Alex\Developer\Repositories\projects\space-calibrator\bin\src\overlay\SpaceCalibratorOverlay.vcxproj]
C:\Program Files (x86)\Microsoft Visual Studio\18\BuildTools\MSBuild\Microsoft\VC\v180\Microsoft.CppCommon.targets(166,5): error MSB3073: exit /b %1 [C:\Users\Alex\Developer\Repositories\projects\space-calibrator\bin\src\overlay\SpaceCalibratorOverlay.vcxproj]
C:\Program Files (x86)\Microsoft Visual Studio\18\BuildTools\MSBuild\Microsoft\VC\v180\Microsoft.CppCommon.targets(166,5): error MSB3073: :cmDone [C:\Users\Alex\Developer\Repositories\projects\space-calibrator\bin\src\overlay\SpaceCalibratorOverlay.vcxproj]
C:\Program Files (x86)\Microsoft Visual Studio\18\BuildTools\MSBuild\Microsoft\VC\v180\Microsoft.CppCommon.targets(166,5): error MSB3073: if %errorlevel% neq 0 goto :VCEnd [C:\Users\Alex\Developer\Repositories\projects\space-calibrator\bin\src\overlay\SpaceCalibratorOverlay.vcxproj]
C:\Program Files (x86)\Microsoft Visual Studio\18\BuildTools\MSBuild\Microsoft\VC\v180\Microsoft.CppCommon.targets(166,5): error MSB3073: setlocal [C:\Users\Alex\Developer\Repositories\projects\space-calibrator\bin\src\overlay\SpaceCalibratorOverlay.vcxproj]
C:\Program Files (x86)\Microsoft Visual Studio\18\BuildTools\MSBuild\Microsoft\VC\v180\Microsoft.CppCommon.targets(166,5): error MSB3073: "C:\Program Files\CMake\bin\cmake.exe" -E copy C:/Users/Alex/Developer/Repositories/projects/space-calibrator/NOTICE C:/Users/Alex/Developer/Repositories/projects/space-calibrator/bin/artifacts/Release/README [C:\Users\Alex\Developer\Repositories\projects\space-calibrator\bin\src\overlay\SpaceCalibratorOverlay.vcxproj]
C:\Program Files (x86)\Microsoft Visual Studio\18\BuildTools\MSBuild\Microsoft\VC\v180\Microsoft.CppCommon.targets(166,5): error MSB3073: if %errorlevel% neq 0 goto :cmEnd [C:\Users\Alex\Developer\Repositories\projects\space-calibrator\bin\src\overlay\SpaceCalibratorOverlay.vcxproj]
C:\Program Files (x86)\Microsoft Visual Studio\18\BuildTools\MSBuild\Microsoft\VC\v180\Microsoft.CppCommon.targets(166,5): error MSB3073: :cmEnd [C:\Users\Alex\Developer\Repositories\projects\space-calibrator\bin\src\overlay\SpaceCalibratorOverlay.vcxproj]
C:\Program Files (x86)\Microsoft Visual Studio\18\BuildTools\MSBuild\Microsoft\VC\v180\Microsoft.CppCommon.targets(166,5): error MSB3073: endlocal & call :cmErrorLevel %errorlevel% & goto :cmDone [C:\Users\Alex\Developer\Repositories\projects\space-calibrator\bin\src\overlay\SpaceCalibratorOverlay.vcxproj]
C:\Program Files (x86)\Microsoft Visual Studio\18\BuildTools\MSBuild\Microsoft\VC\v180\Microsoft.CppCommon.targets(166,5): error MSB3073: :cmErrorLevel [C:\Users\Alex\Developer\Repositories\projects\space-calibrator\bin\src\overlay\SpaceCalibratorOverlay.vcxproj]
C:\Program Files (x86)\Microsoft Visual Studio\18\BuildTools\MSBuild\Microsoft\VC\v180\Microsoft.CppCommon.targets(166,5): error MSB3073: exit /b %1 [C:\Users\Alex\Developer\Repositories\projects\space-calibrator\bin\src\overlay\SpaceCalibratorOverlay.vcxproj]
C:\Program Files (x86)\Microsoft Visual Studio\18\BuildTools\MSBuild\Microsoft\VC\v180\Microsoft.CppCommon.targets(166,5): error MSB3073: :cmDone [C:\Users\Alex\Developer\Repositories\projects\space-calibrator\bin\src\overlay\SpaceCalibratorOverlay.vcxproj]
C:\Program Files (x86)\Microsoft Visual Studio\18\BuildTools\MSBuild\Microsoft\VC\v180\Microsoft.CppCommon.targets(166,5): error MSB3073: if %errorlevel% neq 0 goto :VCEnd [C:\Users\Alex\Developer\Repositories\projects\space-calibrator\bin\src\overlay\SpaceCalibratorOverlay.vcxproj]
C:\Program Files (x86)\Microsoft Visual Studio\18\BuildTools\MSBuild\Microsoft\VC\v180\Microsoft.CppCommon.targets(166,5): error MSB3073: setlocal [C:\Users\Alex\Developer\Repositories\projects\space-calibrator\bin\src\overlay\SpaceCalibratorOverlay.vcxproj]
C:\Program Files (x86)\Microsoft Visual Studio\18\BuildTools\MSBuild\Microsoft\VC\v180\Microsoft.CppCommon.targets(166,5): error MSB3073: "C:\Program Files\CMake\bin\cmake.exe" -E copy C:/Users/Alex/Developer/Repositories/projects/space-calibrator/lib/openvr/bin/win64/openvr_api.dll C:/Users/Alex/Developer/Repositories/projects/space-calibrator/bin/artifacts/Release/openvr_api.dll [C:\Users\Alex\Developer\Repositories\projects\space-calibrator\bin\src\overlay\SpaceCalibratorOverlay.vcxproj]
C:\Program Files (x86)\Microsoft Visual Studio\18\BuildTools\MSBuild\Microsoft\VC\v180\Microsoft.CppCommon.targets(166,5): error MSB3073: if %errorlevel% neq 0 goto :cmEnd [C:\Users\Alex\Developer\Repositories\projects\space-calibrator\bin\src\overlay\SpaceCalibratorOverlay.vcxproj]
C:\Program Files (x86)\Microsoft Visual Studio\18\BuildTools\MSBuild\Microsoft\VC\v180\Microsoft.CppCommon.targets(166,5): error MSB3073: :cmEnd [C:\Users\Alex\Developer\Repositories\projects\space-calibrator\bin\src\overlay\SpaceCalibratorOverlay.vcxproj]
C:\Program Files (x86)\Microsoft Visual Studio\18\BuildTools\MSBuild\Microsoft\VC\v180\Microsoft.CppCommon.targets(166,5): error MSB3073: endlocal & call :cmErrorLevel %errorlevel% & goto :cmDone [C:\Users\Alex\Developer\Repositories\projects\space-calibrator\bin\src\overlay\SpaceCalibratorOverlay.vcxproj]
C:\Program Files (x86)\Microsoft Visual Studio\18\BuildTools\MSBuild\Microsoft\VC\v180\Microsoft.CppCommon.targets(166,5): error MSB3073: :cmErrorLevel [C:\Users\Alex\Developer\Repositories\projects\space-calibrator\bin\src\overlay\SpaceCalibratorOverlay.vcxproj]
C:\Program Files (x86)\Microsoft Visual Studio\18\BuildTools\MSBuild\Microsoft\VC\v180\Microsoft.CppCommon.targets(166,5): error MSB3073: exit /b %1 [C:\Users\Alex\Developer\Repositories\projects\space-calibrator\bin\src\overlay\SpaceCalibratorOverlay.vcxproj]
C:\Program Files (x86)\Microsoft Visual Studio\18\BuildTools\MSBuild\Microsoft\VC\v180\Microsoft.CppCommon.targets(166,5): error MSB3073: :cmDone [C:\Users\Alex\Developer\Repositories\projects\space-calibrator\bin\src\overlay\SpaceCalibratorOverlay.vcxproj]
C:\Program Files (x86)\Microsoft Visual Studio\18\BuildTools\MSBuild\Microsoft\VC\v180\Microsoft.CppCommon.targets(166,5): error MSB3073: if %errorlevel% neq 0 goto :VCEnd [C:\Users\Alex\Developer\Repositories\projects\space-calibrator\bin\src\overlay\SpaceCalibratorOverlay.vcxproj]
C:\Program Files (x86)\Microsoft Visual Studio\18\BuildTools\MSBuild\Microsoft\VC\v180\Microsoft.CppCommon.targets(166,5): error MSB3073: :VCEnd" exited with code 1. [C:\Users\Alex\Developer\Repositories\projects\space-calibrator\bin\src\overlay\SpaceCalibratorOverlay.vcxproj]
